<?xml version="1.0" encoding="UTF-8"?>
<!-- Generated by org.testng.reporters.JUnitXMLReporter -->
<testsuite hostname="zalena" ignored="0" name="Default test(failed)(failed)" tests="1" failures="1" timestamp="24 Jan 2019 20:15:56 GMT" time="46.043" errors="0">
  <testcase name="setup" time="46.002" classname="com.weightwatcher.uat.WW.HomeTest">
    <failure type="java.lang.AssertionError" message="expected:&amp;lt;Find a Studio &amp;amp; Meeting Near You | WW USA&amp;gt; but was:&amp;lt;Find a Studio &amp;amp; Meeting Near You | WW USA&amp;gt;">
      <![CDATA[java.lang.AssertionError: expected:<Find a Studio & Meeting Near You | WW USA> but was:<Find a Studio & Meeting Near You | WW USA>
at com.weightwatcher.uat.WW.HomeTest.setup(HomeTest.java:35)
... Removed 27 stack frames]]>
    </failure>
  </testcase> <!-- setup -->
</testsuite> <!-- Default test(failed)(failed) -->
